[2.436s] Invoking command in '/home/maxence/Desktop/Project5A/ROS/rsp_comm/src/rsp_comm': PYTHONPATH=/home/maxence/Desktop/Project5A/ROS/rsp_comm/build/rsp_comm/prefix_override:/home/maxence/Desktop/Project5A/ROS/rsp_comm/install/rsp_comm/lib/python3.10/site-packages:${PYTHONPATH} /usr/bin/python3 setup.py egg_info --egg-base ../../build/rsp_comm build --build-base /home/maxence/Desktop/Project5A/ROS/rsp_comm/build/rsp_comm/build install --record /home/maxence/Desktop/Project5A/ROS/rsp_comm/build/rsp_comm/install.log --single-version-externally-managed
[3.187s] running egg_info
[3.191s] creating ../../build/rsp_comm/rsp_comm.egg-info
[3.194s] writing ../../build/rsp_comm/rsp_comm.egg-info/PKG-INFO
[3.194s] writing dependency_links to ../../build/rsp_comm/rsp_comm.egg-info/dependency_links.txt
[3.200s] writing entry points to ../../build/rsp_comm/rsp_comm.egg-info/entry_points.txt
[3.200s] writing requirements to ../../build/rsp_comm/rsp_comm.egg-info/requires.txt
[3.201s] writing top-level names to ../../build/rsp_comm/rsp_comm.egg-info/top_level.txt
[3.203s] writing manifest file '../../build/rsp_comm/rsp_comm.egg-info/SOURCES.txt'
[3.206s] reading manifest file '../../build/rsp_comm/rsp_comm.egg-info/SOURCES.txt'
[3.212s] writing manifest file '../../build/rsp_comm/rsp_comm.egg-info/SOURCES.txt'
[3.212s] running build
[3.212s] running build_py
[3.212s] creating /home/maxence/Desktop/Project5A/ROS/rsp_comm/build/rsp_comm/build
[3.212s] creating /home/maxence/Desktop/Project5A/ROS/rsp_comm/build/rsp_comm/build/lib
[3.213s] creating /home/maxence/Desktop/Project5A/ROS/rsp_comm/build/rsp_comm/build/lib/rsp_comm
[3.213s] copying rsp_comm/__init__.py -> /home/maxence/Desktop/Project5A/ROS/rsp_comm/build/rsp_comm/build/lib/rsp_comm
[3.214s] copying rsp_comm/rosController.py -> /home/maxence/Desktop/Project5A/ROS/rsp_comm/build/rsp_comm/build/lib/rsp_comm
[3.215s] running install
[3.216s] /usr/lib/python3/dist-packages/setuptools/command/install.py:34: SetuptoolsDeprecationWarning: setup.py install is deprecated. Use build and pip and other standards-based tools.
[3.216s]   warnings.warn(
[3.217s] running install_lib
[3.221s] creating /home/maxence/Desktop/Project5A/ROS/rsp_comm/install/rsp_comm/lib/python3.10/site-packages/rsp_comm
[3.221s] copying /home/maxence/Desktop/Project5A/ROS/rsp_comm/build/rsp_comm/build/lib/rsp_comm/__init__.py -> /home/maxence/Desktop/Project5A/ROS/rsp_comm/install/rsp_comm/lib/python3.10/site-packages/rsp_comm
[3.222s] copying /home/maxence/Desktop/Project5A/ROS/rsp_comm/build/rsp_comm/build/lib/rsp_comm/rosController.py -> /home/maxence/Desktop/Project5A/ROS/rsp_comm/install/rsp_comm/lib/python3.10/site-packages/rsp_comm
[3.224s] byte-compiling /home/maxence/Desktop/Project5A/ROS/rsp_comm/install/rsp_comm/lib/python3.10/site-packages/rsp_comm/__init__.py to __init__.cpython-310.pyc
[3.225s] byte-compiling /home/maxence/Desktop/Project5A/ROS/rsp_comm/install/rsp_comm/lib/python3.10/site-packages/rsp_comm/rosController.py to rosController.cpython-310.pyc
[3.227s] running install_data
[3.229s] creating /home/maxence/Desktop/Project5A/ROS/rsp_comm/install/rsp_comm/share/ament_index
[3.229s] creating /home/maxence/Desktop/Project5A/ROS/rsp_comm/install/rsp_comm/share/ament_index/resource_index
[3.230s] creating /home/maxence/Desktop/Project5A/ROS/rsp_comm/install/rsp_comm/share/ament_index/resource_index/packages
[3.230s] copying resource/rsp_comm -> /home/maxence/Desktop/Project5A/ROS/rsp_comm/install/rsp_comm/share/ament_index/resource_index/packages
[3.231s] copying package.xml -> /home/maxence/Desktop/Project5A/ROS/rsp_comm/install/rsp_comm/share/rsp_comm
[3.232s] running install_egg_info
[3.237s] Copying ../../build/rsp_comm/rsp_comm.egg-info to /home/maxence/Desktop/Project5A/ROS/rsp_comm/install/rsp_comm/lib/python3.10/site-packages/rsp_comm-0.0.0-py3.10.egg-info
[3.240s] running install_scripts
[3.348s] Installing rosController script to /home/maxence/Desktop/Project5A/ROS/rsp_comm/install/rsp_comm/lib/rsp_comm
[3.350s] writing list of installed files to '/home/maxence/Desktop/Project5A/ROS/rsp_comm/build/rsp_comm/install.log'
[3.455s] Invoked command in '/home/maxence/Desktop/Project5A/ROS/rsp_comm/src/rsp_comm' returned '0': PYTHONPATH=/home/maxence/Desktop/Project5A/ROS/rsp_comm/build/rsp_comm/prefix_override:/home/maxence/Desktop/Project5A/ROS/rsp_comm/install/rsp_comm/lib/python3.10/site-packages:${PYTHONPATH} /usr/bin/python3 setup.py egg_info --egg-base ../../build/rsp_comm build --build-base /home/maxence/Desktop/Project5A/ROS/rsp_comm/build/rsp_comm/build install --record /home/maxence/Desktop/Project5A/ROS/rsp_comm/build/rsp_comm/install.log --single-version-externally-managed
