[0.237s] Invoking command in '/home/maxence/Desktop/Project5A/ROS/rsp_comm/build/turtlesim': CMAKE_PREFIX_PATH=/opt/ros/humble /usr/bin/cmake /home/maxence/Desktop/Project5A/ROS/rsp_comm/src/ros_tutorials/turtlesim -DCMAKE_INSTALL_PREFIX=/home/maxence/Desktop/Project5A/ROS/rsp_comm/install/turtlesim
[0.770s] -- The C compiler identification is GNU 11.4.0
[1.134s] -- The CXX compiler identification is GNU 11.4.0
[1.190s] -- Detecting C compiler ABI info
[1.536s] -- Detecting C compiler ABI info - done
[1.570s] -- Check for working C compiler: /usr/bin/cc - skipped
[1.578s] -- Detecting C compile features
[1.581s] -- Detecting C compile features - done
[1.594s] -- Detecting CXX compiler ABI info
[1.946s] -- Detecting CXX compiler ABI info - done
[1.984s] -- Check for working CXX compiler: /usr/bin/c++ - skipped
[1.984s] -- Detecting CXX compile features
[1.984s] -- Detecting CXX compile features - done
[2.010s] -- Found ament_cmake: 1.3.5 (/opt/ros/humble/share/ament_cmake/cmake)
[2.523s] -- Found Python3: /usr/bin/python3.10 (found version "3.10.12") found components: Interpreter 
[2.894s] -- Found ament_index_cpp: 1.4.0 (/opt/ros/humble/share/ament_index_cpp/cmake)
[2.903s] -- Found geometry_msgs: 4.2.3 (/opt/ros/humble/share/geometry_msgs/cmake)
[3.128s] -- Found rosidl_generator_c: 3.1.5 (/opt/ros/humble/share/rosidl_generator_c/cmake)
[3.153s] -- Found rosidl_adapter: 3.1.5 (/opt/ros/humble/share/rosidl_adapter/cmake)
[3.210s] -- Found rosidl_generator_cpp: 3.1.5 (/opt/ros/humble/share/rosidl_generator_cpp/cmake)
[3.298s] -- Using all available rosidl_typesupport_c: rosidl_typesupport_fastrtps_c;rosidl_typesupport_introspection_c
[3.389s] -- Using all available rosidl_typesupport_cpp: rosidl_typesupport_fastrtps_cpp;rosidl_typesupport_introspection_cpp
[4.021s] -- Found rclcpp: 16.0.6 (/opt/ros/humble/share/rclcpp/cmake)
[4.288s] -- Found rmw_implementation_cmake: 6.1.1 (/opt/ros/humble/share/rmw_implementation_cmake/cmake)
[4.311s] -- Found rmw_fastrtps_cpp: 6.2.4 (/opt/ros/humble/share/rmw_fastrtps_cpp/cmake)
[4.763s] -- Found OpenSSL: /usr/lib/x86_64-linux-gnu/libcrypto.so (found version "3.0.2")  
[4.856s] -- Found FastRTPS: /opt/ros/humble/include  
[5.003s] -- Using RMW implementation 'rmw_fastrtps_cpp' as default
[5.055s] -- Looking for pthread.h
[5.356s] -- Looking for pthread.h - found
[5.358s] -- Performing Test CMAKE_HAVE_LIBC_PTHREAD
[5.663s] -- Performing Test CMAKE_HAVE_LIBC_PTHREAD - Success
[5.664s] -- Found Threads: TRUE  
[6.243s] -- Found rclcpp_action: 16.0.6 (/opt/ros/humble/share/rclcpp_action/cmake)
[6.649s] -- Found rosidl_default_generators: 1.2.0 (/opt/ros/humble/share/rosidl_default_generators/cmake)
[6.691s] -- Found std_srvs: 4.2.3 (/opt/ros/humble/share/std_srvs/cmake)
[7.892s] -- Found ament_cmake_ros: 0.10.0 (/opt/ros/humble/share/ament_cmake_ros/cmake)
[8.990s] -- Using all available rosidl_typesupport_c: rosidl_typesupport_fastrtps_c;rosidl_typesupport_introspection_c
[9.417s] -- Using all available rosidl_typesupport_cpp: rosidl_typesupport_fastrtps_cpp;rosidl_typesupport_introspection_cpp
[9.482s] -- Found PythonInterp: /usr/bin/python3 (found suitable version "3.10.12", minimum required is "3.6") 
[9.490s] -- Found python_cmake_module: 0.10.0 (/opt/ros/humble/share/python_cmake_module/cmake)
[9.584s] -- Found PythonLibs: /usr/lib/x86_64-linux-gnu/libpython3.10.so (found suitable version "3.10.12", minimum required is "3.5") 
[9.585s] -- Using PYTHON_EXECUTABLE: /usr/bin/python3
[9.585s] -- Using PYTHON_INCLUDE_DIRS: /usr/include/python3.10
[9.585s] -- Using PYTHON_LIBRARIES: /usr/lib/x86_64-linux-gnu/libpython3.10.so
[9.659s] -- Found PythonExtra: .so  
[9.921s] -- Configuring done
[10.270s] -- Generating done
[10.291s] -- Build files have been written to: /home/maxence/Desktop/Project5A/ROS/rsp_comm/build/turtlesim
[10.358s] Invoked command in '/home/maxence/Desktop/Project5A/ROS/rsp_comm/build/turtlesim' returned '0': CMAKE_PREFIX_PATH=/opt/ros/humble /usr/bin/cmake /home/maxence/Desktop/Project5A/ROS/rsp_comm/src/ros_tutorials/turtlesim -DCMAKE_INSTALL_PREFIX=/home/maxence/Desktop/Project5A/ROS/rsp_comm/install/turtlesim
[10.359s] Invoking command in '/home/maxence/Desktop/Project5A/ROS/rsp_comm/build/turtlesim': CMAKE_PREFIX_PATH=/opt/ros/humble /usr/bin/cmake --build /home/maxence/Desktop/Project5A/ROS/rsp_comm/build/turtlesim -- -j2 -l2
[10.592s] [  1%] [34m[1mGenerating C code for ROS interfaces[0m
[10.893s] [  2%] [34m[1mGenerating C++ code for ROS interfaces[0m
[18.982s] [  2%] Built target turtlesim__cpp
[19.194s] [  2%] Built target ament_cmake_python_copy_turtlesim
[19.237s] [  3%] [34m[1mGenerating C++ type support dispatch for ROS interfaces[0m
[20.377s] [  4%] [32mBuilding C object CMakeFiles/turtlesim__rosidl_generator_c.dir/rosidl_generator_c/turtlesim/action/detail/rotate_absolute__functions.c.o[0m
[21.046s] [  5%] [32mBuilding C object CMakeFiles/turtlesim__rosidl_generator_c.dir/rosidl_generator_c/turtlesim/msg/detail/color__functions.c.o[0m
[21.276s] [  6%] [32mBuilding C object CMakeFiles/turtlesim__rosidl_generator_c.dir/rosidl_generator_c/turtlesim/msg/detail/pose__functions.c.o[0m
[21.478s] [  7%] [32mBuilding C object CMakeFiles/turtlesim__rosidl_generator_c.dir/rosidl_generator_c/turtlesim/srv/detail/kill__functions.c.o[0m
[21.761s] [  8%] [32mBuilding C object CMakeFiles/turtlesim__rosidl_generator_c.dir/rosidl_generator_c/turtlesim/srv/detail/set_pen__functions.c.o[0m
[22.129s] [  9%] [32mBuilding C object CMakeFiles/turtlesim__rosidl_generator_c.dir/rosidl_generator_c/turtlesim/srv/detail/spawn__functions.c.o[0m
[22.476s] [ 10%] [32mBuilding C object CMakeFiles/turtlesim__rosidl_generator_c.dir/rosidl_generator_c/turtlesim/srv/detail/teleport_absolute__functions.c.o[0m
[22.619s] [ 11%] [32mBuilding CXX object CMakeFiles/turtlesim__rosidl_typesupport_cpp.dir/rosidl_typesupport_cpp/turtlesim/action/rotate_absolute__type_support.cpp.o[0m
[22.741s] [ 12%] [32mBuilding C object CMakeFiles/turtlesim__rosidl_generator_c.dir/rosidl_generator_c/turtlesim/srv/detail/teleport_relative__functions.c.o[0m
[22.966s] [ 13%] [32m[1mLinking C shared library libturtlesim__rosidl_generator_c.so[0m
[23.212s] [ 13%] Built target turtlesim__rosidl_generator_c
[23.250s] [ 14%] [34m[1mGenerating C++ type support for eProsima Fast-RTPS[0m
[25.035s] [ 15%] [32mBuilding CXX object CMakeFiles/turtlesim__rosidl_typesupport_cpp.dir/rosidl_typesupport_cpp/turtlesim/msg/color__type_support.cpp.o[0m
[26.209s] [ 16%] [32mBuilding CXX object CMakeFiles/turtlesim__rosidl_typesupport_cpp.dir/rosidl_typesupport_cpp/turtlesim/msg/pose__type_support.cpp.o[0m
[27.323s] [ 17%] [32mBuilding CXX object CMakeFiles/turtlesim__rosidl_typesupport_cpp.dir/rosidl_typesupport_cpp/turtlesim/srv/kill__type_support.cpp.o[0m
[28.456s] [ 18%] [32mBuilding CXX object CMakeFiles/turtlesim__rosidl_typesupport_fastrtps_cpp.dir/rosidl_typesupport_fastrtps_cpp/turtlesim/action/detail/dds_fastrtps/rotate_absolute__type_support.cpp.o[0m
[28.508s] [ 19%] [32mBuilding CXX object CMakeFiles/turtlesim__rosidl_typesupport_cpp.dir/rosidl_typesupport_cpp/turtlesim/srv/set_pen__type_support.cpp.o[0m
[29.703s] [ 20%] [32mBuilding CXX object CMakeFiles/turtlesim__rosidl_typesupport_cpp.dir/rosidl_typesupport_cpp/turtlesim/srv/spawn__type_support.cpp.o[0m
[30.618s] [ 21%] [32mBuilding CXX object CMakeFiles/turtlesim__rosidl_typesupport_fastrtps_cpp.dir/rosidl_typesupport_fastrtps_cpp/turtlesim/msg/detail/dds_fastrtps/color__type_support.cpp.o[0m
[31.035s] [ 22%] [32mBuilding CXX object CMakeFiles/turtlesim__rosidl_typesupport_cpp.dir/rosidl_typesupport_cpp/turtlesim/srv/teleport_absolute__type_support.cpp.o[0m
[32.020s] [ 23%] [32mBuilding CXX object CMakeFiles/turtlesim__rosidl_typesupport_cpp.dir/rosidl_typesupport_cpp/turtlesim/srv/teleport_relative__type_support.cpp.o[0m
[32.183s] [ 24%] [32mBuilding CXX object CMakeFiles/turtlesim__rosidl_typesupport_fastrtps_cpp.dir/rosidl_typesupport_fastrtps_cpp/turtlesim/msg/detail/dds_fastrtps/pose__type_support.cpp.o[0m
[33.001s] [ 25%] [32m[1mLinking CXX shared library libturtlesim__rosidl_typesupport_cpp.so[0m
[33.263s] [ 25%] Built target turtlesim__rosidl_typesupport_cpp
[33.335s] [ 26%] [34m[1mGenerating C introspection for ROS interfaces[0m
[33.712s] [ 27%] [32mBuilding CXX object CMakeFiles/turtlesim__rosidl_typesupport_fastrtps_cpp.dir/rosidl_typesupport_fastrtps_cpp/turtlesim/srv/detail/dds_fastrtps/kill__type_support.cpp.o[0m
[35.174s] [ 28%] [32mBuilding CXX object CMakeFiles/turtlesim__rosidl_typesupport_fastrtps_cpp.dir/rosidl_typesupport_fastrtps_cpp/turtlesim/srv/detail/dds_fastrtps/set_pen__type_support.cpp.o[0m
[36.688s] [ 29%] [32mBuilding CXX object CMakeFiles/turtlesim__rosidl_typesupport_fastrtps_cpp.dir/rosidl_typesupport_fastrtps_cpp/turtlesim/srv/detail/dds_fastrtps/spawn__type_support.cpp.o[0m
[37.974s] [ 30%] [32mBuilding C object CMakeFiles/turtlesim__rosidl_typesupport_introspection_c.dir/rosidl_typesupport_introspection_c/turtlesim/action/detail/rotate_absolute__type_support.c.o[0m
[38.254s] [ 31%] [32mBuilding C object CMakeFiles/turtlesim__rosidl_typesupport_introspection_c.dir/rosidl_typesupport_introspection_c/turtlesim/msg/detail/color__type_support.c.o[0m
[38.377s] [ 32%] [32mBuilding CXX object CMakeFiles/turtlesim__rosidl_typesupport_fastrtps_cpp.dir/rosidl_typesupport_fastrtps_cpp/turtlesim/srv/detail/dds_fastrtps/teleport_absolute__type_support.cpp.o[0m
[38.402s] [ 33%] [32mBuilding C object CMakeFiles/turtlesim__rosidl_typesupport_introspection_c.dir/rosidl_typesupport_introspection_c/turtlesim/msg/detail/pose__type_support.c.o[0m
[38.690s] [ 34%] [32mBuilding C object CMakeFiles/turtlesim__rosidl_typesupport_introspection_c.dir/rosidl_typesupport_introspection_c/turtlesim/srv/detail/kill__type_support.c.o[0m
[38.886s] [ 35%] [32mBuilding C object CMakeFiles/turtlesim__rosidl_typesupport_introspection_c.dir/rosidl_typesupport_introspection_c/turtlesim/srv/detail/set_pen__type_support.c.o[0m
[39.082s] [ 36%] [32mBuilding C object CMakeFiles/turtlesim__rosidl_typesupport_introspection_c.dir/rosidl_typesupport_introspection_c/turtlesim/srv/detail/spawn__type_support.c.o[0m
[39.251s] [ 37%] [32mBuilding C object CMakeFiles/turtlesim__rosidl_typesupport_introspection_c.dir/rosidl_typesupport_introspection_c/turtlesim/srv/detail/teleport_absolute__type_support.c.o[0m
[39.434s] [ 38%] [32mBuilding C object CMakeFiles/turtlesim__rosidl_typesupport_introspection_c.dir/rosidl_typesupport_introspection_c/turtlesim/srv/detail/teleport_relative__type_support.c.o[0m
[39.604s] [ 39%] [32m[1mLinking C shared library libturtlesim__rosidl_typesupport_introspection_c.so[0m
[39.800s] [ 39%] Built target turtlesim__rosidl_typesupport_introspection_c
[39.832s] [ 40%] [34m[1mGenerating C type support dispatch for ROS interfaces[0m
[40.255s] [ 41%] [32mBuilding CXX object CMakeFiles/turtlesim__rosidl_typesupport_fastrtps_cpp.dir/rosidl_typesupport_fastrtps_cpp/turtlesim/srv/detail/dds_fastrtps/teleport_relative__type_support.cpp.o[0m
[41.719s] [ 42%] [32m[1mLinking CXX shared library libturtlesim__rosidl_typesupport_fastrtps_cpp.so[0m
[42.247s] [ 42%] Built target turtlesim__rosidl_typesupport_fastrtps_cpp
[42.345s] [ 43%] [34m[1mGenerating C++ introspection for ROS interfaces[0m
[43.212s] [ 44%] [32mBuilding CXX object CMakeFiles/turtlesim__rosidl_typesupport_c.dir/rosidl_typesupport_c/turtlesim/action/rotate_absolute__type_support.cpp.o[0m
[43.523s] [ 45%] [32mBuilding CXX object CMakeFiles/turtlesim__rosidl_typesupport_c.dir/rosidl_typesupport_c/turtlesim/msg/color__type_support.cpp.o[0m
[43.688s] [ 46%] [32mBuilding CXX object CMakeFiles/turtlesim__rosidl_typesupport_c.dir/rosidl_typesupport_c/turtlesim/msg/pose__type_support.cpp.o[0m
[43.834s] [ 47%] [32mBuilding CXX object CMakeFiles/turtlesim__rosidl_typesupport_c.dir/rosidl_typesupport_c/turtlesim/srv/kill__type_support.cpp.o[0m
[43.993s] [ 48%] [32mBuilding CXX object CMakeFiles/turtlesim__rosidl_typesupport_c.dir/rosidl_typesupport_c/turtlesim/srv/set_pen__type_support.cpp.o[0m
[44.194s] [ 49%] [32mBuilding CXX object CMakeFiles/turtlesim__rosidl_typesupport_c.dir/rosidl_typesupport_c/turtlesim/srv/spawn__type_support.cpp.o[0m
[44.398s] [ 50%] [32mBuilding CXX object CMakeFiles/turtlesim__rosidl_typesupport_c.dir/rosidl_typesupport_c/turtlesim/srv/teleport_absolute__type_support.cpp.o[0m
[44.584s] [ 51%] [32mBuilding CXX object CMakeFiles/turtlesim__rosidl_typesupport_c.dir/rosidl_typesupport_c/turtlesim/srv/teleport_relative__type_support.cpp.o[0m
[44.799s] [ 52%] [32m[1mLinking CXX shared library libturtlesim__rosidl_typesupport_c.so[0m
[45.065s] [ 52%] Built target turtlesim__rosidl_typesupport_c
[46.592s] [ 53%] [32mBuilding CXX object CMakeFiles/turtlesim__rosidl_typesupport_introspection_cpp.dir/rosidl_typesupport_introspection_cpp/turtlesim/action/detail/rotate_absolute__type_support.cpp.o[0m
[48.140s] [ 54%] [32mBuilding CXX object CMakeFiles/turtlesim__rosidl_typesupport_introspection_cpp.dir/rosidl_typesupport_introspection_cpp/turtlesim/msg/detail/color__type_support.cpp.o[0m
[49.167s] [ 55%] [32mBuilding CXX object CMakeFiles/turtlesim__rosidl_typesupport_introspection_cpp.dir/rosidl_typesupport_introspection_cpp/turtlesim/msg/detail/pose__type_support.cpp.o[0m
[50.169s] [ 56%] [32mBuilding CXX object CMakeFiles/turtlesim__rosidl_typesupport_introspection_cpp.dir/rosidl_typesupport_introspection_cpp/turtlesim/srv/detail/kill__type_support.cpp.o[0m
[51.204s] [ 57%] [32mBuilding CXX object CMakeFiles/turtlesim__rosidl_typesupport_introspection_cpp.dir/rosidl_typesupport_introspection_cpp/turtlesim/srv/detail/set_pen__type_support.cpp.o[0m
[52.165s] [ 58%] [32mBuilding CXX object CMakeFiles/turtlesim__rosidl_typesupport_introspection_cpp.dir/rosidl_typesupport_introspection_cpp/turtlesim/srv/detail/spawn__type_support.cpp.o[0m
[53.163s] [ 59%] [32mBuilding CXX object CMakeFiles/turtlesim__rosidl_typesupport_introspection_cpp.dir/rosidl_typesupport_introspection_cpp/turtlesim/srv/detail/teleport_absolute__type_support.cpp.o[0m
[54.139s] [ 60%] [32mBuilding CXX object CMakeFiles/turtlesim__rosidl_typesupport_introspection_cpp.dir/rosidl_typesupport_introspection_cpp/turtlesim/srv/detail/teleport_relative__type_support.cpp.o[0m
[55.123s] [ 61%] [32m[1mLinking CXX shared library libturtlesim__rosidl_typesupport_introspection_cpp.so[0m
[55.484s] [ 61%] Built target turtlesim__rosidl_typesupport_introspection_cpp
[56.304s] running egg_info
[56.305s] creating turtlesim.egg-info
[56.306s] writing turtlesim.egg-info/PKG-INFO
[56.306s] writing dependency_links to turtlesim.egg-info/dependency_links.txt
[56.307s] writing top-level names to turtlesim.egg-info/top_level.txt
[56.307s] writing manifest file 'turtlesim.egg-info/SOURCES.txt'
[56.314s] reading manifest file 'turtlesim.egg-info/SOURCES.txt'
[56.316s] writing manifest file 'turtlesim.egg-info/SOURCES.txt'
[56.400s] [ 61%] Built target ament_cmake_python_build_turtlesim_egg
[56.436s] [ 62%] [34m[1mGenerating include/turtlesim/moc_turtle_frame.cpp[0m
[56.794s] [ 63%] [32mBuilding CXX object CMakeFiles/turtlesim_node.dir/src/turtlesim.cpp.o[0m
[58.862s] [ 64%] [32mBuilding CXX object CMakeFiles/turtle_teleop_key.dir/tutorials/teleop_turtle_key.cpp.o[0m
[73.818s] [ 65%] [32mBuilding CXX object CMakeFiles/turtlesim_node.dir/src/turtle.cpp.o[0m
[81.662s] [ 66%] [32m[1mLinking CXX executable turtle_teleop_key[0m
[83.384s] [ 66%] Built target turtle_teleop_key
[109.187s] [ 67%] [32mBuilding CXX object CMakeFiles/turtlesim_node.dir/src/turtle_frame.cpp.o[0m
[139.339s] [ 68%] [32mBuilding CXX object CMakeFiles/turtlesim_node.dir/include/turtlesim/moc_turtle_frame.cpp.o[0m
[152.083s] [ 69%] [32m[1mLinking CXX executable turtlesim_node[0m
[160.864s] [ 69%] Built target turtlesim_node
[160.981s] [ 70%] [32mBuilding CXX object CMakeFiles/draw_square.dir/tutorials/draw_square.cpp.o[0m
[186.423s] [ 71%] [32m[1mLinking CXX executable draw_square[0m
[188.221s] [ 71%] Built target draw_square
[188.305s] [ 72%] [32mBuilding CXX object CMakeFiles/mimic.dir/tutorials/mimic.cpp.o[0m
[212.684s] [ 73%] [32m[1mLinking CXX executable mimic[0m
[214.238s] [ 73%] Built target mimic
[214.276s] [ 74%] [34m[1mGenerating C type support for eProsima Fast-RTPS[0m
[217.697s] [ 76%] [32mBuilding CXX object CMakeFiles/turtlesim__rosidl_typesupport_fastrtps_c.dir/rosidl_typesupport_fastrtps_c/turtlesim/action/detail/rotate_absolute__type_support_c.cpp.o[0m
[217.699s] [ 76%] [32mBuilding CXX object CMakeFiles/turtlesim__rosidl_typesupport_fastrtps_c.dir/rosidl_typesupport_fastrtps_c/turtlesim/msg/detail/color__type_support_c.cpp.o[0m
[219.154s] [ 77%] [32mBuilding CXX object CMakeFiles/turtlesim__rosidl_typesupport_fastrtps_c.dir/rosidl_typesupport_fastrtps_c/turtlesim/msg/detail/pose__type_support_c.cpp.o[0m
[220.005s] [ 78%] [32mBuilding CXX object CMakeFiles/turtlesim__rosidl_typesupport_fastrtps_c.dir/rosidl_typesupport_fastrtps_c/turtlesim/srv/detail/kill__type_support_c.cpp.o[0m
[220.944s] [ 79%] [32mBuilding CXX object CMakeFiles/turtlesim__rosidl_typesupport_fastrtps_c.dir/rosidl_typesupport_fastrtps_c/turtlesim/srv/detail/set_pen__type_support_c.cpp.o[0m
[221.837s] [ 80%] [32mBuilding CXX object CMakeFiles/turtlesim__rosidl_typesupport_fastrtps_c.dir/rosidl_typesupport_fastrtps_c/turtlesim/srv/detail/spawn__type_support_c.cpp.o[0m
[222.771s] [ 81%] [32mBuilding CXX object CMakeFiles/turtlesim__rosidl_typesupport_fastrtps_c.dir/rosidl_typesupport_fastrtps_c/turtlesim/srv/detail/teleport_absolute__type_support_c.cpp.o[0m
[223.708s] [ 82%] [32mBuilding CXX object CMakeFiles/turtlesim__rosidl_typesupport_fastrtps_c.dir/rosidl_typesupport_fastrtps_c/turtlesim/srv/detail/teleport_relative__type_support_c.cpp.o[0m
[224.620s] [ 83%] [32m[1mLinking CXX shared library libturtlesim__rosidl_typesupport_fastrtps_c.so[0m
[224.974s] [ 83%] Built target turtlesim__rosidl_typesupport_fastrtps_c
[225.042s] [ 83%] Built target turtlesim
[225.121s] [ 84%] [34m[1mGenerating Python code for ROS interfaces[0m
[233.259s] [ 84%] Built target turtlesim__py
[233.400s] [ 85%] [32mBuilding C object CMakeFiles/turtlesim__rosidl_generator_py.dir/rosidl_generator_py/turtlesim/action/_rotate_absolute_s.c.o[0m
[234.028s] [ 86%] [32mBuilding C object CMakeFiles/turtlesim__rosidl_generator_py.dir/rosidl_generator_py/turtlesim/msg/_color_s.c.o[0m
[234.371s] [ 87%] [32mBuilding C object CMakeFiles/turtlesim__rosidl_generator_py.dir/rosidl_generator_py/turtlesim/msg/_pose_s.c.o[0m
[234.740s] [ 88%] [32mBuilding C object CMakeFiles/turtlesim__rosidl_generator_py.dir/rosidl_generator_py/turtlesim/srv/_kill_s.c.o[0m
[235.074s] [ 89%] [32mBuilding C object CMakeFiles/turtlesim__rosidl_generator_py.dir/rosidl_generator_py/turtlesim/srv/_set_pen_s.c.o[0m
[235.423s] [ 90%] [32mBuilding C object CMakeFiles/turtlesim__rosidl_generator_py.dir/rosidl_generator_py/turtlesim/srv/_spawn_s.c.o[0m
[235.862s] [ 91%] [32mBuilding C object CMakeFiles/turtlesim__rosidl_generator_py.dir/rosidl_generator_py/turtlesim/srv/_teleport_absolute_s.c.o[0m
[236.231s] [ 92%] [32mBuilding C object CMakeFiles/turtlesim__rosidl_generator_py.dir/rosidl_generator_py/turtlesim/srv/_teleport_relative_s.c.o[0m
[236.594s] [ 93%] [32m[1mLinking C shared library rosidl_generator_py/turtlesim/libturtlesim__rosidl_generator_py.so[0m
[236.815s] [ 93%] Built target turtlesim__rosidl_generator_py
[236.908s] [ 94%] [32mBuilding C object CMakeFiles/turtlesim__rosidl_typesupport_fastrtps_c__pyext.dir/rosidl_generator_py/turtlesim/_turtlesim_s.ep.rosidl_typesupport_fastrtps_c.c.o[0m
[237.486s] [ 95%] [32m[1mLinking C shared library rosidl_generator_py/turtlesim/turtlesim_s__rosidl_typesupport_fastrtps_c.cpython-310-x86_64-linux-gnu.so[0m
[237.698s] [ 95%] Built target turtlesim__rosidl_typesupport_fastrtps_c__pyext
[237.799s] [ 96%] [32mBuilding C object CMakeFiles/turtlesim__rosidl_typesupport_introspection_c__pyext.dir/rosidl_generator_py/turtlesim/_turtlesim_s.ep.rosidl_typesupport_introspection_c.c.o[0m
[238.387s] [ 97%] [32m[1mLinking C shared library rosidl_generator_py/turtlesim/turtlesim_s__rosidl_typesupport_introspection_c.cpython-310-x86_64-linux-gnu.so[0m
[238.596s] [ 97%] Built target turtlesim__rosidl_typesupport_introspection_c__pyext
[238.702s] [ 98%] [32mBuilding C object CMakeFiles/turtlesim__rosidl_typesupport_c__pyext.dir/rosidl_generator_py/turtlesim/_turtlesim_s.ep.rosidl_typesupport_c.c.o[0m
[239.305s] [100%] [32m[1mLinking C shared library rosidl_generator_py/turtlesim/turtlesim_s__rosidl_typesupport_c.cpython-310-x86_64-linux-gnu.so[0m
[239.488s] [100%] Built target turtlesim__rosidl_typesupport_c__pyext
[239.608s] Invoked command in '/home/maxence/Desktop/Project5A/ROS/rsp_comm/build/turtlesim' returned '0': CMAKE_PREFIX_PATH=/opt/ros/humble /usr/bin/cmake --build /home/maxence/Desktop/Project5A/ROS/rsp_comm/build/turtlesim -- -j2 -l2
[240.533s] Invoking command in '/home/maxence/Desktop/Project5A/ROS/rsp_comm/build/turtlesim': CMAKE_PREFIX_PATH=/opt/ros/humble /usr/bin/cmake --install /home/maxence/Desktop/Project5A/ROS/rsp_comm/build/turtlesim
[240.562s] -- Install configuration: ""
[240.565s] -- Installing: /home/maxence/Desktop/Project5A/ROS/rsp_comm/install/turtlesim/share/ament_index/resource_index/rosidl_interfaces/turtlesim
[240.566s] -- Installing: /home/maxence/Desktop/Project5A/ROS/rsp_comm/install/turtlesim/include/turtlesim/turtlesim
[240.566s] -- Installing: /home/maxence/Desktop/Project5A/ROS/rsp_comm/install/turtlesim/include/turtlesim/turtlesim/action
[240.566s] -- Installing: /home/maxence/Desktop/Project5A/ROS/rsp_comm/install/turtlesim/include/turtlesim/turtlesim/action/rotate_absolute.h
[240.567s] -- Installing: /home/maxence/Desktop/Project5A/ROS/rsp_comm/install/turtlesim/include/turtlesim/turtlesim/action/detail
[240.567s] -- Installing: /home/maxence/Desktop/Project5A/ROS/rsp_comm/install/turtlesim/include/turtlesim/turtlesim/action/detail/rotate_absolute__functions.h
[240.567s] -- Installing: /home/maxence/Desktop/Project5A/ROS/rsp_comm/install/turtlesim/include/turtlesim/turtlesim/action/detail/rotate_absolute__struct.h
[240.568s] -- Installing: /home/maxence/Desktop/Project5A/ROS/rsp_comm/install/turtlesim/include/turtlesim/turtlesim/action/detail/rotate_absolute__functions.c
[240.570s] -- Installing: /home/maxence/Desktop/Project5A/ROS/rsp_comm/install/turtlesim/include/turtlesim/turtlesim/action/detail/rotate_absolute__type_support.h
[240.571s] -- Installing: /home/maxence/Desktop/Project5A/ROS/rsp_comm/install/turtlesim/include/turtlesim/turtlesim/msg
[240.571s] -- Installing: /home/maxence/Desktop/Project5A/ROS/rsp_comm/install/turtlesim/include/turtlesim/turtlesim/msg/rosidl_generator_c__visibility_control.h
[240.571s] -- Installing: /home/maxence/Desktop/Project5A/ROS/rsp_comm/install/turtlesim/include/turtlesim/turtlesim/msg/pose.h
[240.573s] -- Installing: /home/maxence/Desktop/Project5A/ROS/rsp_comm/install/turtlesim/include/turtlesim/turtlesim/msg/color.h
[240.574s] -- Installing: /home/maxence/Desktop/Project5A/ROS/rsp_comm/install/turtlesim/include/turtlesim/turtlesim/msg/detail
[240.574s] -- Installing: /home/maxence/Desktop/Project5A/ROS/rsp_comm/install/turtlesim/include/turtlesim/turtlesim/msg/detail/pose__functions.c
[240.576s] -- Installing: /home/maxence/Desktop/Project5A/ROS/rsp_comm/install/turtlesim/include/turtlesim/turtlesim/msg/detail/pose__struct.h
[240.576s] -- Installing: /home/maxence/Desktop/Project5A/ROS/rsp_comm/install/turtlesim/include/turtlesim/turtlesim/msg/detail/color__functions.h
[240.577s] -- Installing: /home/maxence/Desktop/Project5A/ROS/rsp_comm/install/turtlesim/include/turtlesim/turtlesim/msg/detail/color__struct.h
[240.577s] -- Installing: /home/maxence/Desktop/Project5A/ROS/rsp_comm/install/turtlesim/include/turtlesim/turtlesim/msg/detail/color__type_support.h
[240.577s] -- Installing: /home/maxence/Desktop/Project5A/ROS/rsp_comm/install/turtlesim/include/turtlesim/turtlesim/msg/detail/color__functions.c
[240.578s] -- Installing: /home/maxence/Desktop/Project5A/ROS/rsp_comm/install/turtlesim/include/turtlesim/turtlesim/msg/detail/pose__type_support.h
[240.579s] -- Installing: /home/maxence/Desktop/Project5A/ROS/rsp_comm/install/turtlesim/include/turtlesim/turtlesim/msg/detail/pose__functions.h
[240.579s] -- Installing: /home/maxence/Desktop/Project5A/ROS/rsp_comm/install/turtlesim/include/turtlesim/turtlesim/srv
[240.580s] -- Installing: /home/maxence/Desktop/Project5A/ROS/rsp_comm/install/turtlesim/include/turtlesim/turtlesim/srv/spawn.h
[240.583s] -- Installing: /home/maxence/Desktop/Project5A/ROS/rsp_comm/install/turtlesim/include/turtlesim/turtlesim/srv/set_pen.h
[240.584s] -- Installing: /home/maxence/Desktop/Project5A/ROS/rsp_comm/install/turtlesim/include/turtlesim/turtlesim/srv/detail
[240.584s] -- Installing: /home/maxence/Desktop/Project5A/ROS/rsp_comm/install/turtlesim/include/turtlesim/turtlesim/srv/detail/spawn__struct.h
[240.585s] -- Installing: /home/maxence/Desktop/Project5A/ROS/rsp_comm/install/turtlesim/include/turtlesim/turtlesim/srv/detail/set_pen__functions.c
[240.585s] -- Installing: /home/maxence/Desktop/Project5A/ROS/rsp_comm/install/turtlesim/include/turtlesim/turtlesim/srv/detail/teleport_relative__functions.c
[240.592s] -- Installing: /home/maxence/Desktop/Project5A/ROS/rsp_comm/install/turtlesim/include/turtlesim/turtlesim/srv/detail/set_pen__struct.h
[240.592s] -- Installing: /home/maxence/Desktop/Project5A/ROS/rsp_comm/install/turtlesim/include/turtlesim/turtlesim/srv/detail/teleport_relative__type_support.h
[240.592s] -- Installing: /home/maxence/Desktop/Project5A/ROS/rsp_comm/install/turtlesim/include/turtlesim/turtlesim/srv/detail/spawn__type_support.h
[240.593s] -- Installing: /home/maxence/Desktop/Project5A/ROS/rsp_comm/install/turtlesim/include/turtlesim/turtlesim/srv/detail/set_pen__functions.h
[240.593s] -- Installing: /home/maxence/Desktop/Project5A/ROS/rsp_comm/install/turtlesim/include/turtlesim/turtlesim/srv/detail/teleport_relative__struct.h
[240.593s] -- Installing: /home/maxence/Desktop/Project5A/ROS/rsp_comm/install/turtlesim/include/turtlesim/turtlesim/srv/detail/spawn__functions.h
[240.594s] -- Installing: /home/maxence/Desktop/Project5A/ROS/rsp_comm/install/turtlesim/include/turtlesim/turtlesim/srv/detail/teleport_absolute__functions.h
[240.594s] -- Installing: /home/maxence/Desktop/Project5A/ROS/rsp_comm/install/turtlesim/include/turtlesim/turtlesim/srv/detail/kill__functions.c
[240.597s] -- Installing: /home/maxence/Desktop/Project5A/ROS/rsp_comm/install/turtlesim/include/turtlesim/turtlesim/srv/detail/teleport_relative__functions.h
[240.597s] -- Installing: /home/maxence/Desktop/Project5A/ROS/rsp_comm/install/turtlesim/include/turtlesim/turtlesim/srv/detail/kill__type_support.h
[240.598s] -- Installing: /home/maxence/Desktop/Project5A/ROS/rsp_comm/install/turtlesim/include/turtlesim/turtlesim/srv/detail/teleport_absolute__type_support.h
[240.599s] -- Installing: /home/maxence/Desktop/Project5A/ROS/rsp_comm/install/turtlesim/include/turtlesim/turtlesim/srv/detail/teleport_absolute__functions.c
[240.608s] -- Installing: /home/maxence/Desktop/Project5A/ROS/rsp_comm/install/turtlesim/include/turtlesim/turtlesim/srv/detail/teleport_absolute__struct.h
[240.609s] -- Installing: /home/maxence/Desktop/Project5A/ROS/rsp_comm/install/turtlesim/include/turtlesim/turtlesim/srv/detail/kill__struct.h
[240.609s] -- Installing: /home/maxence/Desktop/Project5A/ROS/rsp_comm/install/turtlesim/include/turtlesim/turtlesim/srv/detail/spawn__functions.c
[240.617s] -- Installing: /home/maxence/Desktop/Project5A/ROS/rsp_comm/install/turtlesim/include/turtlesim/turtlesim/srv/detail/kill__functions.h
[240.618s] -- Installing: /home/maxence/Desktop/Project5A/ROS/rsp_comm/install/turtlesim/include/turtlesim/turtlesim/srv/detail/set_pen__type_support.h
[240.620s] -- Installing: /home/maxence/Desktop/Project5A/ROS/rsp_comm/install/turtlesim/include/turtlesim/turtlesim/srv/teleport_absolute.h
[240.625s] -- Installing: /home/maxence/Desktop/Project5A/ROS/rsp_comm/install/turtlesim/include/turtlesim/turtlesim/srv/teleport_relative.h
[240.625s] -- Installing: /home/maxence/Desktop/Project5A/ROS/rsp_comm/install/turtlesim/include/turtlesim/turtlesim/srv/kill.h
[240.626s] -- Installing: /home/maxence/Desktop/Project5A/ROS/rsp_comm/install/turtlesim/share/turtlesim/environment/library_path.sh
[240.628s] -- Installing: /home/maxence/Desktop/Project5A/ROS/rsp_comm/install/turtlesim/share/turtlesim/environment/library_path.dsv
[240.632s] -- Installing: /home/maxence/Desktop/Project5A/ROS/rsp_comm/install/turtlesim/lib/libturtlesim__rosidl_generator_c.so
[240.634s] -- Set runtime path of "/home/maxence/Desktop/Project5A/ROS/rsp_comm/install/turtlesim/lib/libturtlesim__rosidl_generator_c.so" to ""
[240.634s] -- Up-to-date: /home/maxence/Desktop/Project5A/ROS/rsp_comm/install/turtlesim/include/turtlesim/turtlesim
[240.634s] -- Up-to-date: /home/maxence/Desktop/Project5A/ROS/rsp_comm/install/turtlesim/include/turtlesim/turtlesim/action
[240.635s] -- Up-to-date: /home/maxence/Desktop/Project5A/ROS/rsp_comm/install/turtlesim/include/turtlesim/turtlesim/action/detail
[240.635s] -- Installing: /home/maxence/Desktop/Project5A/ROS/rsp_comm/install/turtlesim/include/turtlesim/turtlesim/action/detail/rotate_absolute__rosidl_typesupport_fastrtps_c.h
[240.636s] -- Up-to-date: /home/maxence/Desktop/Project5A/ROS/rsp_comm/install/turtlesim/include/turtlesim/turtlesim/msg
[240.636s] -- Installing: /home/maxence/Desktop/Project5A/ROS/rsp_comm/install/turtlesim/include/turtlesim/turtlesim/msg/rosidl_typesupport_fastrtps_c__visibility_control.h
[240.641s] -- Up-to-date: /home/maxence/Desktop/Project5A/ROS/rsp_comm/install/turtlesim/include/turtlesim/turtlesim/msg/detail
[240.641s] -- Installing: /home/maxence/Desktop/Project5A/ROS/rsp_comm/install/turtlesim/include/turtlesim/turtlesim/msg/detail/color__rosidl_typesupport_fastrtps_c.h
[240.642s] -- Installing: /home/maxence/Desktop/Project5A/ROS/rsp_comm/install/turtlesim/include/turtlesim/turtlesim/msg/detail/pose__rosidl_typesupport_fastrtps_c.h
[240.644s] -- Up-to-date: /home/maxence/Desktop/Project5A/ROS/rsp_comm/install/turtlesim/include/turtlesim/turtlesim/srv
[240.644s] -- Up-to-date: /home/maxence/Desktop/Project5A/ROS/rsp_comm/install/turtlesim/include/turtlesim/turtlesim/srv/detail
[240.645s] -- Installing: /home/maxence/Desktop/Project5A/ROS/rsp_comm/install/turtlesim/include/turtlesim/turtlesim/srv/detail/teleport_relative__rosidl_typesupport_fastrtps_c.h
[240.645s] -- Installing: /home/maxence/Desktop/Project5A/ROS/rsp_comm/install/turtlesim/include/turtlesim/turtlesim/srv/detail/set_pen__rosidl_typesupport_fastrtps_c.h
[240.654s] -- Installing: /home/maxence/Desktop/Project5A/ROS/rsp_comm/install/turtlesim/include/turtlesim/turtlesim/srv/detail/kill__rosidl_typesupport_fastrtps_c.h
[240.654s] -- Installing: /home/maxence/Desktop/Project5A/ROS/rsp_comm/install/turtlesim/include/turtlesim/turtlesim/srv/detail/teleport_absolute__rosidl_typesupport_fastrtps_c.h
[240.655s] -- Installing: /home/maxence/Desktop/Project5A/ROS/rsp_comm/install/turtlesim/include/turtlesim/turtlesim/srv/detail/spawn__rosidl_typesupport_fastrtps_c.h
[240.656s] -- Installing: /home/maxence/Desktop/Project5A/ROS/rsp_comm/install/turtlesim/lib/libturtlesim__rosidl_typesupport_fastrtps_c.so
[240.657s] -- Set runtime path of "/home/maxence/Desktop/Project5A/ROS/rsp_comm/install/turtlesim/lib/libturtlesim__rosidl_typesupport_fastrtps_c.so" to ""
[240.657s] -- Up-to-date: /home/maxence/Desktop/Project5A/ROS/rsp_comm/install/turtlesim/include/turtlesim/turtlesim
[240.664s] -- Up-to-date: /home/maxence/Desktop/Project5A/ROS/rsp_comm/install/turtlesim/include/turtlesim/turtlesim/action
[240.664s] -- Up-to-date: /home/maxence/Desktop/Project5A/ROS/rsp_comm/install/turtlesim/include/turtlesim/turtlesim/action/detail
[240.664s] -- Installing: /home/maxence/Desktop/Project5A/ROS/rsp_comm/install/turtlesim/include/turtlesim/turtlesim/action/detail/rotate_absolute__traits.hpp
[240.665s] -- Installing: /home/maxence/Desktop/Project5A/ROS/rsp_comm/install/turtlesim/include/turtlesim/turtlesim/action/detail/rotate_absolute__struct.hpp
[240.665s] -- Installing: /home/maxence/Desktop/Project5A/ROS/rsp_comm/install/turtlesim/include/turtlesim/turtlesim/action/detail/rotate_absolute__builder.hpp
[240.668s] -- Installing: /home/maxence/Desktop/Project5A/ROS/rsp_comm/install/turtlesim/include/turtlesim/turtlesim/action/rotate_absolute.hpp
[240.671s] -- Up-to-date: /home/maxence/Desktop/Project5A/ROS/rsp_comm/install/turtlesim/include/turtlesim/turtlesim/msg
[240.672s] -- Up-to-date: /home/maxence/Desktop/Project5A/ROS/rsp_comm/install/turtlesim/include/turtlesim/turtlesim/msg/detail
[240.673s] -- Installing: /home/maxence/Desktop/Project5A/ROS/rsp_comm/install/turtlesim/include/turtlesim/turtlesim/msg/detail/pose__struct.hpp
[240.673s] -- Installing: /home/maxence/Desktop/Project5A/ROS/rsp_comm/install/turtlesim/include/turtlesim/turtlesim/msg/detail/pose__builder.hpp
[240.674s] -- Installing: /home/maxence/Desktop/Project5A/ROS/rsp_comm/install/turtlesim/include/turtlesim/turtlesim/msg/detail/color__struct.hpp
[240.674s] -- Installing: /home/maxence/Desktop/Project5A/ROS/rsp_comm/install/turtlesim/include/turtlesim/turtlesim/msg/detail/pose__traits.hpp
[240.674s] -- Installing: /home/maxence/Desktop/Project5A/ROS/rsp_comm/install/turtlesim/include/turtlesim/turtlesim/msg/detail/color__traits.hpp
[240.675s] -- Installing: /home/maxence/Desktop/Project5A/ROS/rsp_comm/install/turtlesim/include/turtlesim/turtlesim/msg/detail/color__builder.hpp
[240.675s] -- Installing: /home/maxence/Desktop/Project5A/ROS/rsp_comm/install/turtlesim/include/turtlesim/turtlesim/msg/pose.hpp
[240.676s] -- Installing: /home/maxence/Desktop/Project5A/ROS/rsp_comm/install/turtlesim/include/turtlesim/turtlesim/msg/color.hpp
[240.676s] -- Up-to-date: /home/maxence/Desktop/Project5A/ROS/rsp_comm/install/turtlesim/include/turtlesim/turtlesim/srv
[240.677s] -- Installing: /home/maxence/Desktop/Project5A/ROS/rsp_comm/install/turtlesim/include/turtlesim/turtlesim/srv/spawn.hpp
[240.678s] -- Installing: /home/maxence/Desktop/Project5A/ROS/rsp_comm/install/turtlesim/include/turtlesim/turtlesim/srv/teleport_absolute.hpp
[240.678s] -- Installing: /home/maxence/Desktop/Project5A/ROS/rsp_comm/install/turtlesim/include/turtlesim/turtlesim/srv/kill.hpp
[240.679s] -- Up-to-date: /home/maxence/Desktop/Project5A/ROS/rsp_comm/install/turtlesim/include/turtlesim/turtlesim/srv/detail
[240.679s] -- Installing: /home/maxence/Desktop/Project5A/ROS/rsp_comm/install/turtlesim/include/turtlesim/turtlesim/srv/detail/teleport_absolute__builder.hpp
[240.679s] -- Installing: /home/maxence/Desktop/Project5A/ROS/rsp_comm/install/turtlesim/include/turtlesim/turtlesim/srv/detail/spawn__struct.hpp
[240.679s] -- Installing: /home/maxence/Desktop/Project5A/ROS/rsp_comm/install/turtlesim/include/turtlesim/turtlesim/srv/detail/spawn__traits.hpp
[240.680s] -- Installing: /home/maxence/Desktop/Project5A/ROS/rsp_comm/install/turtlesim/include/turtlesim/turtlesim/srv/detail/kill__struct.hpp
[240.680s] -- Installing: /home/maxence/Desktop/Project5A/ROS/rsp_comm/install/turtlesim/include/turtlesim/turtlesim/srv/detail/teleport_relative__traits.hpp
[240.680s] -- Installing: /home/maxence/Desktop/Project5A/ROS/rsp_comm/install/turtlesim/include/turtlesim/turtlesim/srv/detail/teleport_relative__struct.hpp
[240.680s] -- Installing: /home/maxence/Desktop/Project5A/ROS/rsp_comm/install/turtlesim/include/turtlesim/turtlesim/srv/detail/set_pen__struct.hpp
[240.680s] -- Installing: /home/maxence/Desktop/Project5A/ROS/rsp_comm/install/turtlesim/include/turtlesim/turtlesim/srv/detail/teleport_relative__builder.hpp
[240.681s] -- Installing: /home/maxence/Desktop/Project5A/ROS/rsp_comm/install/turtlesim/include/turtlesim/turtlesim/srv/detail/spawn__builder.hpp
[240.681s] -- Installing: /home/maxence/Desktop/Project5A/ROS/rsp_comm/install/turtlesim/include/turtlesim/turtlesim/srv/detail/set_pen__traits.hpp
[240.681s] -- Installing: /home/maxence/Desktop/Project5A/ROS/rsp_comm/install/turtlesim/include/turtlesim/turtlesim/srv/detail/kill__builder.hpp
[240.681s] -- Installing: /home/maxence/Desktop/Project5A/ROS/rsp_comm/install/turtlesim/include/turtlesim/turtlesim/srv/detail/teleport_absolute__traits.hpp
[240.682s] -- Installing: /home/maxence/Desktop/Project5A/ROS/rsp_comm/install/turtlesim/include/turtlesim/turtlesim/srv/detail/set_pen__builder.hpp
[240.686s] -- Installing: /home/maxence/Desktop/Project5A/ROS/rsp_comm/install/turtlesim/include/turtlesim/turtlesim/srv/detail/kill__traits.hpp
[240.687s] -- Installing: /home/maxence/Desktop/Project5A/ROS/rsp_comm/install/turtlesim/include/turtlesim/turtlesim/srv/detail/teleport_absolute__struct.hpp
[240.690s] -- Installing: /home/maxence/Desktop/Project5A/ROS/rsp_comm/install/turtlesim/include/turtlesim/turtlesim/srv/teleport_relative.hpp
[240.691s] -- Installing: /home/maxence/Desktop/Project5A/ROS/rsp_comm/install/turtlesim/include/turtlesim/turtlesim/srv/set_pen.hpp
[240.692s] -- Up-to-date: /home/maxence/Desktop/Project5A/ROS/rsp_comm/install/turtlesim/include/turtlesim/turtlesim
[240.693s] -- Up-to-date: /home/maxence/Desktop/Project5A/ROS/rsp_comm/install/turtlesim/include/turtlesim/turtlesim/action
[240.694s] -- Up-to-date: /home/maxence/Desktop/Project5A/ROS/rsp_comm/install/turtlesim/include/turtlesim/turtlesim/action/detail
[240.694s] -- Installing: /home/maxence/Desktop/Project5A/ROS/rsp_comm/install/turtlesim/include/turtlesim/turtlesim/action/detail/rotate_absolute__rosidl_typesupport_fastrtps_cpp.hpp
[240.695s] -- Installing: /home/maxence/Desktop/Project5A/ROS/rsp_comm/install/turtlesim/include/turtlesim/turtlesim/action/detail/dds_fastrtps
[240.697s] -- Up-to-date: /home/maxence/Desktop/Project5A/ROS/rsp_comm/install/turtlesim/include/turtlesim/turtlesim/msg
[240.697s] -- Installing: /home/maxence/Desktop/Project5A/ROS/rsp_comm/install/turtlesim/include/turtlesim/turtlesim/msg/rosidl_typesupport_fastrtps_cpp__visibility_control.h
[240.697s] -- Up-to-date: /home/maxence/Desktop/Project5A/ROS/rsp_comm/install/turtlesim/include/turtlesim/turtlesim/msg/detail
[240.697s] -- Installing: /home/maxence/Desktop/Project5A/ROS/rsp_comm/install/turtlesim/include/turtlesim/turtlesim/msg/detail/color__rosidl_typesupport_fastrtps_cpp.hpp
[240.697s] -- Installing: /home/maxence/Desktop/Project5A/ROS/rsp_comm/install/turtlesim/include/turtlesim/turtlesim/msg/detail/pose__rosidl_typesupport_fastrtps_cpp.hpp
[240.698s] -- Installing: /home/maxence/Desktop/Project5A/ROS/rsp_comm/install/turtlesim/include/turtlesim/turtlesim/msg/detail/dds_fastrtps
[240.698s] -- Up-to-date: /home/maxence/Desktop/Project5A/ROS/rsp_comm/install/turtlesim/include/turtlesim/turtlesim/srv
[240.698s] -- Up-to-date: /home/maxence/Desktop/Project5A/ROS/rsp_comm/install/turtlesim/include/turtlesim/turtlesim/srv/detail
[240.698s] -- Installing: /home/maxence/Desktop/Project5A/ROS/rsp_comm/install/turtlesim/include/turtlesim/turtlesim/srv/detail/kill__rosidl_typesupport_fastrtps_cpp.hpp
[240.698s] -- Installing: /home/maxence/Desktop/Project5A/ROS/rsp_comm/install/turtlesim/include/turtlesim/turtlesim/srv/detail/teleport_relative__rosidl_typesupport_fastrtps_cpp.hpp
[240.699s] -- Installing: /home/maxence/Desktop/Project5A/ROS/rsp_comm/install/turtlesim/include/turtlesim/turtlesim/srv/detail/spawn__rosidl_typesupport_fastrtps_cpp.hpp
[240.699s] -- Installing: /home/maxence/Desktop/Project5A/ROS/rsp_comm/install/turtlesim/include/turtlesim/turtlesim/srv/detail/teleport_absolute__rosidl_typesupport_fastrtps_cpp.hpp
[240.699s] -- Installing: /home/maxence/Desktop/Project5A/ROS/rsp_comm/install/turtlesim/include/turtlesim/turtlesim/srv/detail/set_pen__rosidl_typesupport_fastrtps_cpp.hpp
[240.705s] -- Installing: /home/maxence/Desktop/Project5A/ROS/rsp_comm/install/turtlesim/include/turtlesim/turtlesim/srv/detail/dds_fastrtps
[240.706s] -- Installing: /home/maxence/Desktop/Project5A/ROS/rsp_comm/install/turtlesim/lib/libturtlesim__rosidl_typesupport_fastrtps_cpp.so
[240.719s] -- Set runtime path of "/home/maxence/Desktop/Project5A/ROS/rsp_comm/install/turtlesim/lib/libturtlesim__rosidl_typesupport_fastrtps_cpp.so" to ""
[240.719s] -- Up-to-date: /home/maxence/Desktop/Project5A/ROS/rsp_comm/install/turtlesim/include/turtlesim/turtlesim
[240.720s] -- Up-to-date: /home/maxence/Desktop/Project5A/ROS/rsp_comm/install/turtlesim/include/turtlesim/turtlesim/action
[240.720s] -- Up-to-date: /home/maxence/Desktop/Project5A/ROS/rsp_comm/install/turtlesim/include/turtlesim/turtlesim/action/detail
[240.725s] -- Installing: /home/maxence/Desktop/Project5A/ROS/rsp_comm/install/turtlesim/include/turtlesim/turtlesim/action/detail/rotate_absolute__type_support.c
[240.730s] -- Installing: /home/maxence/Desktop/Project5A/ROS/rsp_comm/install/turtlesim/include/turtlesim/turtlesim/action/detail/rotate_absolute__rosidl_typesupport_introspection_c.h
[240.731s] -- Up-to-date: /home/maxence/Desktop/Project5A/ROS/rsp_comm/install/turtlesim/include/turtlesim/turtlesim/msg
[240.731s] -- Installing: /home/maxence/Desktop/Project5A/ROS/rsp_comm/install/turtlesim/include/turtlesim/turtlesim/msg/rosidl_typesupport_introspection_c__visibility_control.h
[240.736s] -- Up-to-date: /home/maxence/Desktop/Project5A/ROS/rsp_comm/install/turtlesim/include/turtlesim/turtlesim/msg/detail
[240.736s] -- Installing: /home/maxence/Desktop/Project5A/ROS/rsp_comm/install/turtlesim/include/turtlesim/turtlesim/msg/detail/color__rosidl_typesupport_introspection_c.h
[240.738s] -- Installing: /home/maxence/Desktop/Project5A/ROS/rsp_comm/install/turtlesim/include/turtlesim/turtlesim/msg/detail/pose__rosidl_typesupport_introspection_c.h
[240.743s] -- Installing: /home/maxence/Desktop/Project5A/ROS/rsp_comm/install/turtlesim/include/turtlesim/turtlesim/msg/detail/color__type_support.c
[240.746s] -- Installing: /home/maxence/Desktop/Project5A/ROS/rsp_comm/install/turtlesim/include/turtlesim/turtlesim/msg/detail/pose__type_support.c
[240.750s] -- Up-to-date: /home/maxence/Desktop/Project5A/ROS/rsp_comm/install/turtlesim/include/turtlesim/turtlesim/srv
[240.751s] -- Up-to-date: /home/maxence/Desktop/Project5A/ROS/rsp_comm/install/turtlesim/include/turtlesim/turtlesim/srv/detail
[240.752s] -- Installing: /home/maxence/Desktop/Project5A/ROS/rsp_comm/install/turtlesim/include/turtlesim/turtlesim/srv/detail/teleport_absolute__rosidl_typesupport_introspection_c.h
[240.757s] -- Installing: /home/maxence/Desktop/Project5A/ROS/rsp_comm/install/turtlesim/include/turtlesim/turtlesim/srv/detail/spawn__type_support.c
[240.761s] -- Installing: /home/maxence/Desktop/Project5A/ROS/rsp_comm/install/turtlesim/include/turtlesim/turtlesim/srv/detail/set_pen__type_support.c
[240.764s] -- Installing: /home/maxence/Desktop/Project5A/ROS/rsp_comm/install/turtlesim/include/turtlesim/turtlesim/srv/detail/kill__type_support.c
[240.772s] -- Installing: /home/maxence/Desktop/Project5A/ROS/rsp_comm/install/turtlesim/include/turtlesim/turtlesim/srv/detail/kill__rosidl_typesupport_introspection_c.h
[240.775s] -- Installing: /home/maxence/Desktop/Project5A/ROS/rsp_comm/install/turtlesim/include/turtlesim/turtlesim/srv/detail/teleport_relative__type_support.c
[240.777s] -- Installing: /home/maxence/Desktop/Project5A/ROS/rsp_comm/install/turtlesim/include/turtlesim/turtlesim/srv/detail/teleport_absolute__type_support.c
[240.781s] -- Installing: /home/maxence/Desktop/Project5A/ROS/rsp_comm/install/turtlesim/include/turtlesim/turtlesim/srv/detail/teleport_relative__rosidl_typesupport_introspection_c.h
[240.786s] -- Installing: /home/maxence/Desktop/Project5A/ROS/rsp_comm/install/turtlesim/include/turtlesim/turtlesim/srv/detail/spawn__rosidl_typesupport_introspection_c.h
[240.787s] -- Installing: /home/maxence/Desktop/Project5A/ROS/rsp_comm/install/turtlesim/include/turtlesim/turtlesim/srv/detail/set_pen__rosidl_typesupport_introspection_c.h
[240.788s] -- Installing: /home/maxence/Desktop/Project5A/ROS/rsp_comm/install/turtlesim/lib/libturtlesim__rosidl_typesupport_introspection_c.so
[240.800s] -- Set runtime path of "/home/maxence/Desktop/Project5A/ROS/rsp_comm/install/turtlesim/lib/libturtlesim__rosidl_typesupport_introspection_c.so" to ""
[240.801s] -- Installing: /home/maxence/Desktop/Project5A/ROS/rsp_comm/install/turtlesim/lib/libturtlesim__rosidl_typesupport_c.so
[240.806s] -- Set runtime path of "/home/maxence/Desktop/Project5A/ROS/rsp_comm/install/turtlesim/lib/libturtlesim__rosidl_typesupport_c.so" to ""
[240.807s] -- Up-to-date: /home/maxence/Desktop/Project5A/ROS/rsp_comm/install/turtlesim/include/turtlesim/turtlesim
[240.807s] -- Up-to-date: /home/maxence/Desktop/Project5A/ROS/rsp_comm/install/turtlesim/include/turtlesim/turtlesim/action
[240.807s] -- Up-to-date: /home/maxence/Desktop/Project5A/ROS/rsp_comm/install/turtlesim/include/turtlesim/turtlesim/action/detail
[240.808s] -- Installing: /home/maxence/Desktop/Project5A/ROS/rsp_comm/install/turtlesim/include/turtlesim/turtlesim/action/detail/rotate_absolute__type_support.cpp
[240.810s] -- Installing: /home/maxence/Desktop/Project5A/ROS/rsp_comm/install/turtlesim/include/turtlesim/turtlesim/action/detail/rotate_absolute__rosidl_typesupport_introspection_cpp.hpp
[240.812s] -- Up-to-date: /home/maxence/Desktop/Project5A/ROS/rsp_comm/install/turtlesim/include/turtlesim/turtlesim/msg
[240.812s] -- Up-to-date: /home/maxence/Desktop/Project5A/ROS/rsp_comm/install/turtlesim/include/turtlesim/turtlesim/msg/detail
[240.813s] -- Installing: /home/maxence/Desktop/Project5A/ROS/rsp_comm/install/turtlesim/include/turtlesim/turtlesim/msg/detail/pose__type_support.cpp
[240.820s] -- Installing: /home/maxence/Desktop/Project5A/ROS/rsp_comm/install/turtlesim/include/turtlesim/turtlesim/msg/detail/pose__rosidl_typesupport_introspection_cpp.hpp
[240.820s] -- Installing: /home/maxence/Desktop/Project5A/ROS/rsp_comm/install/turtlesim/include/turtlesim/turtlesim/msg/detail/color__rosidl_typesupport_introspection_cpp.hpp
[240.820s] -- Installing: /home/maxence/Desktop/Project5A/ROS/rsp_comm/install/turtlesim/include/turtlesim/turtlesim/msg/detail/color__type_support.cpp
[240.821s] -- Up-to-date: /home/maxence/Desktop/Project5A/ROS/rsp_comm/install/turtlesim/include/turtlesim/turtlesim/srv
[240.824s] -- Up-to-date: /home/maxence/Desktop/Project5A/ROS/rsp_comm/install/turtlesim/include/turtlesim/turtlesim/srv/detail
[240.824s] -- Installing: /home/maxence/Desktop/Project5A/ROS/rsp_comm/install/turtlesim/include/turtlesim/turtlesim/srv/detail/teleport_absolute__rosidl_typesupport_introspection_cpp.hpp
[240.824s] -- Installing: /home/maxence/Desktop/Project5A/ROS/rsp_comm/install/turtlesim/include/turtlesim/turtlesim/srv/detail/set_pen__type_support.cpp
[240.825s] -- Installing: /home/maxence/Desktop/Project5A/ROS/rsp_comm/install/turtlesim/include/turtlesim/turtlesim/srv/detail/spawn__rosidl_typesupport_introspection_cpp.hpp
[240.825s] -- Installing: /home/maxence/Desktop/Project5A/ROS/rsp_comm/install/turtlesim/include/turtlesim/turtlesim/srv/detail/kill__rosidl_typesupport_introspection_cpp.hpp
[240.825s] -- Installing: /home/maxence/Desktop/Project5A/ROS/rsp_comm/install/turtlesim/include/turtlesim/turtlesim/srv/detail/spawn__type_support.cpp
[240.827s] -- Installing: /home/maxence/Desktop/Project5A/ROS/rsp_comm/install/turtlesim/include/turtlesim/turtlesim/srv/detail/kill__type_support.cpp
[240.828s] -- Installing: /home/maxence/Desktop/Project5A/ROS/rsp_comm/install/turtlesim/include/turtlesim/turtlesim/srv/detail/teleport_relative__rosidl_typesupport_introspection_cpp.hpp
[240.830s] -- Installing: /home/maxence/Desktop/Project5A/ROS/rsp_comm/install/turtlesim/include/turtlesim/turtlesim/srv/detail/teleport_absolute__type_support.cpp
[240.831s] -- Installing: /home/maxence/Desktop/Project5A/ROS/rsp_comm/install/turtlesim/include/turtlesim/turtlesim/srv/detail/teleport_relative__type_support.cpp
[240.833s] -- Installing: /home/maxence/Desktop/Project5A/ROS/rsp_comm/install/turtlesim/include/turtlesim/turtlesim/srv/detail/set_pen__rosidl_typesupport_introspection_cpp.hpp
[240.834s] -- Installing: /home/maxence/Desktop/Project5A/ROS/rsp_comm/install/turtlesim/lib/libturtlesim__rosidl_typesupport_introspection_cpp.so
[240.839s] -- Set runtime path of "/home/maxence/Desktop/Project5A/ROS/rsp_comm/install/turtlesim/lib/libturtlesim__rosidl_typesupport_introspection_cpp.so" to ""
[240.841s] -- Installing: /home/maxence/Desktop/Project5A/ROS/rsp_comm/install/turtlesim/lib/libturtlesim__rosidl_typesupport_cpp.so
[240.845s] -- Set runtime path of "/home/maxence/Desktop/Project5A/ROS/rsp_comm/install/turtlesim/lib/libturtlesim__rosidl_typesupport_cpp.so" to ""
[240.853s] -- Installing: /home/maxence/Desktop/Project5A/ROS/rsp_comm/install/turtlesim/share/turtlesim/environment/pythonpath.sh
[240.859s] -- Installing: /home/maxence/Desktop/Project5A/ROS/rsp_comm/install/turtlesim/share/turtlesim/environment/pythonpath.dsv
[240.860s] -- Installing: /home/maxence/Desktop/Project5A/ROS/rsp_comm/install/turtlesim/local/lib/python3.10/dist-packages/turtlesim-1.4.2-py3.10.egg-info
[240.861s] -- Installing: /home/maxence/Desktop/Project5A/ROS/rsp_comm/install/turtlesim/local/lib/python3.10/dist-packages/turtlesim-1.4.2-py3.10.egg-info/top_level.txt
[240.863s] -- Installing: /home/maxence/Desktop/Project5A/ROS/rsp_comm/install/turtlesim/local/lib/python3.10/dist-packages/turtlesim-1.4.2-py3.10.egg-info/SOURCES.txt
[240.864s] -- Installing: /home/maxence/Desktop/Project5A/ROS/rsp_comm/install/turtlesim/local/lib/python3.10/dist-packages/turtlesim-1.4.2-py3.10.egg-info/dependency_links.txt
[240.867s] -- Installing: /home/maxence/Desktop/Project5A/ROS/rsp_comm/install/turtlesim/local/lib/python3.10/dist-packages/turtlesim-1.4.2-py3.10.egg-info/PKG-INFO
[240.867s] -- Installing: /home/maxence/Desktop/Project5A/ROS/rsp_comm/install/turtlesim/local/lib/python3.10/dist-packages/turtlesim
[240.873s] -- Installing: /home/maxence/Desktop/Project5A/ROS/rsp_comm/install/turtlesim/local/lib/python3.10/dist-packages/turtlesim/libturtlesim__rosidl_generator_py.so
[240.875s] -- Installing: /home/maxence/Desktop/Project5A/ROS/rsp_comm/install/turtlesim/local/lib/python3.10/dist-packages/turtlesim/action
[240.876s] -- Installing: /home/maxence/Desktop/Project5A/ROS/rsp_comm/install/turtlesim/local/lib/python3.10/dist-packages/turtlesim/action/_rotate_absolute.py
[240.878s] -- Installing: /home/maxence/Desktop/Project5A/ROS/rsp_comm/install/turtlesim/local/lib/python3.10/dist-packages/turtlesim/action/__init__.py
[240.879s] -- Installing: /home/maxence/Desktop/Project5A/ROS/rsp_comm/install/turtlesim/local/lib/python3.10/dist-packages/turtlesim/action/_rotate_absolute_s.c
[240.880s] -- Installing: /home/maxence/Desktop/Project5A/ROS/rsp_comm/install/turtlesim/local/lib/python3.10/dist-packages/turtlesim/msg
[240.881s] -- Installing: /home/maxence/Desktop/Project5A/ROS/rsp_comm/install/turtlesim/local/lib/python3.10/dist-packages/turtlesim/msg/_color_s.c
[240.882s] -- Installing: /home/maxence/Desktop/Project5A/ROS/rsp_comm/install/turtlesim/local/lib/python3.10/dist-packages/turtlesim/msg/_color.py
[240.892s] -- Installing: /home/maxence/Desktop/Project5A/ROS/rsp_comm/install/turtlesim/local/lib/python3.10/dist-packages/turtlesim/msg/__init__.py
[240.896s] -- Installing: /home/maxence/Desktop/Project5A/ROS/rsp_comm/install/turtlesim/local/lib/python3.10/dist-packages/turtlesim/msg/_pose.py
[240.898s] -- Installing: /home/maxence/Desktop/Project5A/ROS/rsp_comm/install/turtlesim/local/lib/python3.10/dist-packages/turtlesim/msg/_pose_s.c
[240.898s] -- Installing: /home/maxence/Desktop/Project5A/ROS/rsp_comm/install/turtlesim/local/lib/python3.10/dist-packages/turtlesim/__init__.py
[240.898s] -- Installing: /home/maxence/Desktop/Project5A/ROS/rsp_comm/install/turtlesim/local/lib/python3.10/dist-packages/turtlesim/turtlesim_s__rosidl_typesupport_introspection_c.cpython-310-x86_64-linux-gnu.so
[240.900s] -- Installing: /home/maxence/Desktop/Project5A/ROS/rsp_comm/install/turtlesim/local/lib/python3.10/dist-packages/turtlesim/_turtlesim_s.ep.rosidl_typesupport_c.c
[240.901s] -- Installing: /home/maxence/Desktop/Project5A/ROS/rsp_comm/install/turtlesim/local/lib/python3.10/dist-packages/turtlesim/turtlesim_s__rosidl_typesupport_c.cpython-310-x86_64-linux-gnu.so
[240.901s] -- Installing: /home/maxence/Desktop/Project5A/ROS/rsp_comm/install/turtlesim/local/lib/python3.10/dist-packages/turtlesim/_turtlesim_s.ep.rosidl_typesupport_fastrtps_c.c
[240.901s] -- Installing: /home/maxence/Desktop/Project5A/ROS/rsp_comm/install/turtlesim/local/lib/python3.10/dist-packages/turtlesim/turtlesim_s__rosidl_typesupport_fastrtps_c.cpython-310-x86_64-linux-gnu.so
[240.901s] -- Installing: /home/maxence/Desktop/Project5A/ROS/rsp_comm/install/turtlesim/local/lib/python3.10/dist-packages/turtlesim/_turtlesim_s.ep.rosidl_typesupport_introspection_c.c
[240.902s] -- Installing: /home/maxence/Desktop/Project5A/ROS/rsp_comm/install/turtlesim/local/lib/python3.10/dist-packages/turtlesim/srv
[240.912s] -- Installing: /home/maxence/Desktop/Project5A/ROS/rsp_comm/install/turtlesim/local/lib/python3.10/dist-packages/turtlesim/srv/_teleport_absolute_s.c
[240.912s] -- Installing: /home/maxence/Desktop/Project5A/ROS/rsp_comm/install/turtlesim/local/lib/python3.10/dist-packages/turtlesim/srv/_teleport_absolute.py
[240.913s] -- Installing: /home/maxence/Desktop/Project5A/ROS/rsp_comm/install/turtlesim/local/lib/python3.10/dist-packages/turtlesim/srv/_teleport_relative_s.c
[240.913s] -- Installing: /home/maxence/Desktop/Project5A/ROS/rsp_comm/install/turtlesim/local/lib/python3.10/dist-packages/turtlesim/srv/_set_pen.py
[240.913s] -- Installing: /home/maxence/Desktop/Project5A/ROS/rsp_comm/install/turtlesim/local/lib/python3.10/dist-packages/turtlesim/srv/_teleport_relative.py
[240.913s] -- Installing: /home/maxence/Desktop/Project5A/ROS/rsp_comm/install/turtlesim/local/lib/python3.10/dist-packages/turtlesim/srv/__init__.py
[240.913s] -- Installing: /home/maxence/Desktop/Project5A/ROS/rsp_comm/install/turtlesim/local/lib/python3.10/dist-packages/turtlesim/srv/_spawn_s.c
[240.913s] -- Installing: /home/maxence/Desktop/Project5A/ROS/rsp_comm/install/turtlesim/local/lib/python3.10/dist-packages/turtlesim/srv/_spawn.py
[240.914s] -- Installing: /home/maxence/Desktop/Project5A/ROS/rsp_comm/install/turtlesim/local/lib/python3.10/dist-packages/turtlesim/srv/_set_pen_s.c
[240.914s] -- Installing: /home/maxence/Desktop/Project5A/ROS/rsp_comm/install/turtlesim/local/lib/python3.10/dist-packages/turtlesim/srv/_kill.py
[240.914s] -- Installing: /home/maxence/Desktop/Project5A/ROS/rsp_comm/install/turtlesim/local/lib/python3.10/dist-packages/turtlesim/srv/_kill_s.c
[241.116s] Listing '/home/maxence/Desktop/Project5A/ROS/rsp_comm/install/turtlesim/local/lib/python3.10/dist-packages/turtlesim'...
[241.116s] Compiling '/home/maxence/Desktop/Project5A/ROS/rsp_comm/install/turtlesim/local/lib/python3.10/dist-packages/turtlesim/__init__.py'...
[241.116s] Listing '/home/maxence/Desktop/Project5A/ROS/rsp_comm/install/turtlesim/local/lib/python3.10/dist-packages/turtlesim/action'...
[241.117s] Compiling '/home/maxence/Desktop/Project5A/ROS/rsp_comm/install/turtlesim/local/lib/python3.10/dist-packages/turtlesim/action/__init__.py'...
[241.117s] Compiling '/home/maxence/Desktop/Project5A/ROS/rsp_comm/install/turtlesim/local/lib/python3.10/dist-packages/turtlesim/action/_rotate_absolute.py'...
[241.117s] Listing '/home/maxence/Desktop/Project5A/ROS/rsp_comm/install/turtlesim/local/lib/python3.10/dist-packages/turtlesim/msg'...
[241.117s] Compiling '/home/maxence/Desktop/Project5A/ROS/rsp_comm/install/turtlesim/local/lib/python3.10/dist-packages/turtlesim/msg/__init__.py'...
[241.117s] Compiling '/home/maxence/Desktop/Project5A/ROS/rsp_comm/install/turtlesim/local/lib/python3.10/dist-packages/turtlesim/msg/_color.py'...
[241.117s] Compiling '/home/maxence/Desktop/Project5A/ROS/rsp_comm/install/turtlesim/local/lib/python3.10/dist-packages/turtlesim/msg/_pose.py'...
[241.118s] Listing '/home/maxence/Desktop/Project5A/ROS/rsp_comm/install/turtlesim/local/lib/python3.10/dist-packages/turtlesim/srv'...
[241.118s] Compiling '/home/maxence/Desktop/Project5A/ROS/rsp_comm/install/turtlesim/local/lib/python3.10/dist-packages/turtlesim/srv/__init__.py'...
[241.118s] Compiling '/home/maxence/Desktop/Project5A/ROS/rsp_comm/install/turtlesim/local/lib/python3.10/dist-packages/turtlesim/srv/_kill.py'...
[241.118s] Compiling '/home/maxence/Desktop/Project5A/ROS/rsp_comm/install/turtlesim/local/lib/python3.10/dist-packages/turtlesim/srv/_set_pen.py'...
[241.118s] Compiling '/home/maxence/Desktop/Project5A/ROS/rsp_comm/install/turtlesim/local/lib/python3.10/dist-packages/turtlesim/srv/_spawn.py'...
[241.119s] Compiling '/home/maxence/Desktop/Project5A/ROS/rsp_comm/install/turtlesim/local/lib/python3.10/dist-packages/turtlesim/srv/_teleport_absolute.py'...
[241.119s] Compiling '/home/maxence/Desktop/Project5A/ROS/rsp_comm/install/turtlesim/local/lib/python3.10/dist-packages/turtlesim/srv/_teleport_relative.py'...
[241.131s] -- Installing: /home/maxence/Desktop/Project5A/ROS/rsp_comm/install/turtlesim/local/lib/python3.10/dist-packages/turtlesim/turtlesim_s__rosidl_typesupport_fastrtps_c.cpython-310-x86_64-linux-gnu.so
[241.132s] -- Set runtime path of "/home/maxence/Desktop/Project5A/ROS/rsp_comm/install/turtlesim/local/lib/python3.10/dist-packages/turtlesim/turtlesim_s__rosidl_typesupport_fastrtps_c.cpython-310-x86_64-linux-gnu.so" to ""
[241.132s] -- Installing: /home/maxence/Desktop/Project5A/ROS/rsp_comm/install/turtlesim/local/lib/python3.10/dist-packages/turtlesim/turtlesim_s__rosidl_typesupport_introspection_c.cpython-310-x86_64-linux-gnu.so
[241.142s] -- Set runtime path of "/home/maxence/Desktop/Project5A/ROS/rsp_comm/install/turtlesim/local/lib/python3.10/dist-packages/turtlesim/turtlesim_s__rosidl_typesupport_introspection_c.cpython-310-x86_64-linux-gnu.so" to ""
[241.143s] -- Installing: /home/maxence/Desktop/Project5A/ROS/rsp_comm/install/turtlesim/local/lib/python3.10/dist-packages/turtlesim/turtlesim_s__rosidl_typesupport_c.cpython-310-x86_64-linux-gnu.so
[241.144s] -- Set runtime path of "/home/maxence/Desktop/Project5A/ROS/rsp_comm/install/turtlesim/local/lib/python3.10/dist-packages/turtlesim/turtlesim_s__rosidl_typesupport_c.cpython-310-x86_64-linux-gnu.so" to ""
[241.145s] -- Installing: /home/maxence/Desktop/Project5A/ROS/rsp_comm/install/turtlesim/lib/libturtlesim__rosidl_generator_py.so
[241.146s] -- Set runtime path of "/home/maxence/Desktop/Project5A/ROS/rsp_comm/install/turtlesim/lib/libturtlesim__rosidl_generator_py.so" to ""
[241.146s] -- Installing: /home/maxence/Desktop/Project5A/ROS/rsp_comm/install/turtlesim/share/turtlesim/action/RotateAbsolute.idl
[241.147s] -- Installing: /home/maxence/Desktop/Project5A/ROS/rsp_comm/install/turtlesim/share/turtlesim/msg/Color.idl
[241.147s] -- Installing: /home/maxence/Desktop/Project5A/ROS/rsp_comm/install/turtlesim/share/turtlesim/msg/Pose.idl
[241.148s] -- Installing: /home/maxence/Desktop/Project5A/ROS/rsp_comm/install/turtlesim/share/turtlesim/srv/Kill.idl
[241.151s] -- Installing: /home/maxence/Desktop/Project5A/ROS/rsp_comm/install/turtlesim/share/turtlesim/srv/SetPen.idl
[241.152s] -- Installing: /home/maxence/Desktop/Project5A/ROS/rsp_comm/install/turtlesim/share/turtlesim/srv/Spawn.idl
[241.152s] -- Installing: /home/maxence/Desktop/Project5A/ROS/rsp_comm/install/turtlesim/share/turtlesim/srv/TeleportAbsolute.idl
[241.152s] -- Installing: /home/maxence/Desktop/Project5A/ROS/rsp_comm/install/turtlesim/share/turtlesim/srv/TeleportRelative.idl
[241.153s] -- Installing: /home/maxence/Desktop/Project5A/ROS/rsp_comm/install/turtlesim/share/turtlesim/action/RotateAbsolute.action
[241.153s] -- Installing: /home/maxence/Desktop/Project5A/ROS/rsp_comm/install/turtlesim/share/turtlesim/msg/Color.msg
[241.154s] -- Installing: /home/maxence/Desktop/Project5A/ROS/rsp_comm/install/turtlesim/share/turtlesim/msg/Pose.msg
[241.154s] -- Installing: /home/maxence/Desktop/Project5A/ROS/rsp_comm/install/turtlesim/share/turtlesim/srv/Kill.srv
[241.154s] -- Installing: /home/maxence/Desktop/Project5A/ROS/rsp_comm/install/turtlesim/share/turtlesim/srv/Kill_Request.msg
[241.160s] -- Installing: /home/maxence/Desktop/Project5A/ROS/rsp_comm/install/turtlesim/share/turtlesim/srv/Kill_Response.msg
[241.161s] -- Installing: /home/maxence/Desktop/Project5A/ROS/rsp_comm/install/turtlesim/share/turtlesim/srv/SetPen.srv
[241.162s] -- Installing: /home/maxence/Desktop/Project5A/ROS/rsp_comm/install/turtlesim/share/turtlesim/srv/SetPen_Request.msg
[241.162s] -- Installing: /home/maxence/Desktop/Project5A/ROS/rsp_comm/install/turtlesim/share/turtlesim/srv/SetPen_Response.msg
[241.163s] -- Installing: /home/maxence/Desktop/Project5A/ROS/rsp_comm/install/turtlesim/share/turtlesim/srv/Spawn.srv
[241.163s] -- Installing: /home/maxence/Desktop/Project5A/ROS/rsp_comm/install/turtlesim/share/turtlesim/srv/Spawn_Request.msg
[241.166s] -- Installing: /home/maxence/Desktop/Project5A/ROS/rsp_comm/install/turtlesim/share/turtlesim/srv/Spawn_Response.msg
[241.166s] -- Installing: /home/maxence/Desktop/Project5A/ROS/rsp_comm/install/turtlesim/share/turtlesim/srv/TeleportAbsolute.srv
[241.166s] -- Installing: /home/maxence/Desktop/Project5A/ROS/rsp_comm/install/turtlesim/share/turtlesim/srv/TeleportAbsolute_Request.msg
[241.166s] -- Installing: /home/maxence/Desktop/Project5A/ROS/rsp_comm/install/turtlesim/share/turtlesim/srv/TeleportAbsolute_Response.msg
[241.172s] -- Installing: /home/maxence/Desktop/Project5A/ROS/rsp_comm/install/turtlesim/share/turtlesim/srv/TeleportRelative.srv
[241.172s] -- Installing: /home/maxence/Desktop/Project5A/ROS/rsp_comm/install/turtlesim/share/turtlesim/srv/TeleportRelative_Request.msg
[241.173s] -- Installing: /home/maxence/Desktop/Project5A/ROS/rsp_comm/install/turtlesim/share/turtlesim/srv/TeleportRelative_Response.msg
[241.173s] -- Installing: /home/maxence/Desktop/Project5A/ROS/rsp_comm/install/turtlesim/lib/turtlesim/turtlesim_node
[241.246s] -- Set runtime path of "/home/maxence/Desktop/Project5A/ROS/rsp_comm/install/turtlesim/lib/turtlesim/turtlesim_node" to ""
[241.247s] -- Installing: /home/maxence/Desktop/Project5A/ROS/rsp_comm/install/turtlesim/lib/turtlesim/turtle_teleop_key
[241.262s] -- Set runtime path of "/home/maxence/Desktop/Project5A/ROS/rsp_comm/install/turtlesim/lib/turtlesim/turtle_teleop_key" to ""
[241.262s] -- Installing: /home/maxence/Desktop/Project5A/ROS/rsp_comm/install/turtlesim/lib/turtlesim/draw_square
[241.287s] -- Set runtime path of "/home/maxence/Desktop/Project5A/ROS/rsp_comm/install/turtlesim/lib/turtlesim/draw_square" to ""
[241.287s] -- Installing: /home/maxence/Desktop/Project5A/ROS/rsp_comm/install/turtlesim/lib/turtlesim/mimic
[241.305s] -- Set runtime path of "/home/maxence/Desktop/Project5A/ROS/rsp_comm/install/turtlesim/lib/turtlesim/mimic" to ""
[241.306s] -- Installing: /home/maxence/Desktop/Project5A/ROS/rsp_comm/install/turtlesim/share/turtlesim/images
[241.306s] -- Installing: /home/maxence/Desktop/Project5A/ROS/rsp_comm/install/turtlesim/share/turtlesim/images/rolling.png
[241.312s] -- Installing: /home/maxence/Desktop/Project5A/ROS/rsp_comm/install/turtlesim/share/turtlesim/images/dashing.png
[241.313s] -- Installing: /home/maxence/Desktop/Project5A/ROS/rsp_comm/install/turtlesim/share/turtlesim/images/foxy.png
[241.314s] -- Installing: /home/maxence/Desktop/Project5A/ROS/rsp_comm/install/turtlesim/share/turtlesim/images/humble.png
[241.315s] -- Installing: /home/maxence/Desktop/Project5A/ROS/rsp_comm/install/turtlesim/share/turtlesim/images/eloquent.png
[241.317s] -- Installing: /home/maxence/Desktop/Project5A/ROS/rsp_comm/install/turtlesim/share/turtlesim/images/ardent.png
[241.318s] -- Installing: /home/maxence/Desktop/Project5A/ROS/rsp_comm/install/turtlesim/share/turtlesim/images/crystal.png
[241.319s] -- Installing: /home/maxence/Desktop/Project5A/ROS/rsp_comm/install/turtlesim/share/turtlesim/images/bouncy.png
[241.320s] -- Installing: /home/maxence/Desktop/Project5A/ROS/rsp_comm/install/turtlesim/share/turtlesim/images/galactic.png
[241.321s] -- Installing: /home/maxence/Desktop/Project5A/ROS/rsp_comm/install/turtlesim/share/turtlesim/launch
[241.322s] -- Installing: /home/maxence/Desktop/Project5A/ROS/rsp_comm/install/turtlesim/share/turtlesim/launch/multisim.launch.py
[241.322s] -- Installing: /home/maxence/Desktop/Project5A/ROS/rsp_comm/install/turtlesim/share/ament_index/resource_index/package_run_dependencies/turtlesim
[241.323s] -- Installing: /home/maxence/Desktop/Project5A/ROS/rsp_comm/install/turtlesim/share/ament_index/resource_index/parent_prefix_path/turtlesim
[241.324s] -- Installing: /home/maxence/Desktop/Project5A/ROS/rsp_comm/install/turtlesim/share/turtlesim/environment/ament_prefix_path.sh
[241.333s] -- Installing: /home/maxence/Desktop/Project5A/ROS/rsp_comm/install/turtlesim/share/turtlesim/environment/ament_prefix_path.dsv
[241.333s] -- Installing: /home/maxence/Desktop/Project5A/ROS/rsp_comm/install/turtlesim/share/turtlesim/environment/path.sh
[241.336s] -- Installing: /home/maxence/Desktop/Project5A/ROS/rsp_comm/install/turtlesim/share/turtlesim/environment/path.dsv
[241.336s] -- Installing: /home/maxence/Desktop/Project5A/ROS/rsp_comm/install/turtlesim/share/turtlesim/local_setup.bash
[241.338s] -- Installing: /home/maxence/Desktop/Project5A/ROS/rsp_comm/install/turtlesim/share/turtlesim/local_setup.sh
[241.341s] -- Installing: /home/maxence/Desktop/Project5A/ROS/rsp_comm/install/turtlesim/share/turtlesim/local_setup.zsh
[241.342s] -- Installing: /home/maxence/Desktop/Project5A/ROS/rsp_comm/install/turtlesim/share/turtlesim/local_setup.dsv
[241.343s] -- Installing: /home/maxence/Desktop/Project5A/ROS/rsp_comm/install/turtlesim/share/turtlesim/package.dsv
[241.343s] -- Installing: /home/maxence/Desktop/Project5A/ROS/rsp_comm/install/turtlesim/share/ament_index/resource_index/packages/turtlesim
[241.344s] -- Installing: /home/maxence/Desktop/Project5A/ROS/rsp_comm/install/turtlesim/share/turtlesim/cmake/export_turtlesim__rosidl_generator_cExport.cmake
[241.346s] -- Installing: /home/maxence/Desktop/Project5A/ROS/rsp_comm/install/turtlesim/share/turtlesim/cmake/export_turtlesim__rosidl_generator_cExport-noconfig.cmake
[241.347s] -- Installing: /home/maxence/Desktop/Project5A/ROS/rsp_comm/install/turtlesim/share/turtlesim/cmake/export_turtlesim__rosidl_typesupport_fastrtps_cExport.cmake
[241.349s] -- Installing: /home/maxence/Desktop/Project5A/ROS/rsp_comm/install/turtlesim/share/turtlesim/cmake/export_turtlesim__rosidl_typesupport_fastrtps_cExport-noconfig.cmake
[241.350s] -- Installing: /home/maxence/Desktop/Project5A/ROS/rsp_comm/install/turtlesim/share/turtlesim/cmake/export_turtlesim__rosidl_generator_cppExport.cmake
[241.351s] -- Installing: /home/maxence/Desktop/Project5A/ROS/rsp_comm/install/turtlesim/share/turtlesim/cmake/export_turtlesim__rosidl_typesupport_fastrtps_cppExport.cmake
[241.353s] -- Installing: /home/maxence/Desktop/Project5A/ROS/rsp_comm/install/turtlesim/share/turtlesim/cmake/export_turtlesim__rosidl_typesupport_fastrtps_cppExport-noconfig.cmake
[241.355s] -- Installing: /home/maxence/Desktop/Project5A/ROS/rsp_comm/install/turtlesim/share/turtlesim/cmake/turtlesim__rosidl_typesupport_introspection_cExport.cmake
[241.356s] -- Installing: /home/maxence/Desktop/Project5A/ROS/rsp_comm/install/turtlesim/share/turtlesim/cmake/turtlesim__rosidl_typesupport_introspection_cExport-noconfig.cmake
[241.357s] -- Installing: /home/maxence/Desktop/Project5A/ROS/rsp_comm/install/turtlesim/share/turtlesim/cmake/turtlesim__rosidl_typesupport_cExport.cmake
[241.359s] -- Installing: /home/maxence/Desktop/Project5A/ROS/rsp_comm/install/turtlesim/share/turtlesim/cmake/turtlesim__rosidl_typesupport_cExport-noconfig.cmake
[241.361s] -- Installing: /home/maxence/Desktop/Project5A/ROS/rsp_comm/install/turtlesim/share/turtlesim/cmake/turtlesim__rosidl_typesupport_introspection_cppExport.cmake
[241.362s] -- Installing: /home/maxence/Desktop/Project5A/ROS/rsp_comm/install/turtlesim/share/turtlesim/cmake/turtlesim__rosidl_typesupport_introspection_cppExport-noconfig.cmake
[241.368s] -- Installing: /home/maxence/Desktop/Project5A/ROS/rsp_comm/install/turtlesim/share/turtlesim/cmake/turtlesim__rosidl_typesupport_cppExport.cmake
[241.370s] -- Installing: /home/maxence/Desktop/Project5A/ROS/rsp_comm/install/turtlesim/share/turtlesim/cmake/turtlesim__rosidl_typesupport_cppExport-noconfig.cmake
[241.376s] -- Installing: /home/maxence/Desktop/Project5A/ROS/rsp_comm/install/turtlesim/share/turtlesim/cmake/export_turtlesim__rosidl_generator_pyExport.cmake
[241.378s] -- Installing: /home/maxence/Desktop/Project5A/ROS/rsp_comm/install/turtlesim/share/turtlesim/cmake/export_turtlesim__rosidl_generator_pyExport-noconfig.cmake
[241.382s] -- Installing: /home/maxence/Desktop/Project5A/ROS/rsp_comm/install/turtlesim/share/turtlesim/cmake/rosidl_cmake-extras.cmake
[241.382s] -- Installing: /home/maxence/Desktop/Project5A/ROS/rsp_comm/install/turtlesim/share/turtlesim/cmake/ament_cmake_export_dependencies-extras.cmake
[241.382s] -- Installing: /home/maxence/Desktop/Project5A/ROS/rsp_comm/install/turtlesim/share/turtlesim/cmake/ament_cmake_export_include_directories-extras.cmake
[241.383s] -- Installing: /home/maxence/Desktop/Project5A/ROS/rsp_comm/install/turtlesim/share/turtlesim/cmake/ament_cmake_export_libraries-extras.cmake
[241.383s] -- Installing: /home/maxence/Desktop/Project5A/ROS/rsp_comm/install/turtlesim/share/turtlesim/cmake/ament_cmake_export_targets-extras.cmake
[241.384s] -- Installing: /home/maxence/Desktop/Project5A/ROS/rsp_comm/install/turtlesim/share/turtlesim/cmake/rosidl_cmake_export_typesupport_targets-extras.cmake
[241.391s] -- Installing: /home/maxence/Desktop/Project5A/ROS/rsp_comm/install/turtlesim/share/turtlesim/cmake/rosidl_cmake_export_typesupport_libraries-extras.cmake
[241.393s] -- Installing: /home/maxence/Desktop/Project5A/ROS/rsp_comm/install/turtlesim/share/turtlesim/cmake/turtlesimConfig.cmake
[241.396s] -- Installing: /home/maxence/Desktop/Project5A/ROS/rsp_comm/install/turtlesim/share/turtlesim/cmake/turtlesimConfig-version.cmake
[241.396s] -- Installing: /home/maxence/Desktop/Project5A/ROS/rsp_comm/install/turtlesim/share/turtlesim/package.xml
[241.431s] Invoked command in '/home/maxence/Desktop/Project5A/ROS/rsp_comm/build/turtlesim' returned '0': CMAKE_PREFIX_PATH=/opt/ros/humble /usr/bin/cmake --install /home/maxence/Desktop/Project5A/ROS/rsp_comm/build/turtlesim
